C:\Program Files\Microsoft Visual Studio\2022\Community\MSBuild\Microsoft\VC\v170\Microsoft.CppBuild.targets(531,5): warning MSB8028: The intermediate directory (C:\Users\violi\OneDrive\Desktop\CSCI-520\ADION-HW1-V3\ADION-HW1-V2\\Bin\Release\) contains files shared from another project (createWorld.vcxproj).  This can lead to incorrect clean and rebuild behavior.
  input.cpp
  jello.cpp
  physics.cpp
C:\Users\violi\OneDrive\Desktop\CSCI-520\ADION-HW1-V3\ADION-HW1-V2\jello.cpp(43,26): warning C4305: 'argument': truncation from 'double' to 'GLclampf'
C:\Users\violi\OneDrive\Desktop\CSCI-520\ADION-HW1-V3\ADION-HW1-V2\jello.cpp(43,21): warning C4305: 'argument': truncation from 'double' to 'GLclampf'
C:\Users\violi\OneDrive\Desktop\CSCI-520\ADION-HW1-V3\ADION-HW1-V2\jello.cpp(43,16): warning C4305: 'argument': truncation from 'double' to 'GLclampf'
C:\Users\violi\OneDrive\Desktop\CSCI-520\ADION-HW1-V3\ADION-HW1-V2\jello.cpp(135,21): warning C4305: 'initializing': truncation from 'double' to 'GLfloat'
C:\Users\violi\OneDrive\Desktop\CSCI-520\ADION-HW1-V3\ADION-HW1-V2\jello.cpp(135,29): warning C4305: 'initializing': truncation from 'double' to 'GLfloat'
C:\Users\violi\OneDrive\Desktop\CSCI-520\ADION-HW1-V3\ADION-HW1-V2\jello.cpp(135,37): warning C4305: 'initializing': truncation from 'double' to 'GLfloat'
C:\Users\violi\OneDrive\Desktop\CSCI-520\ADION-HW1-V3\ADION-HW1-V2\jello.cpp(136,21): warning C4305: 'initializing': truncation from 'double' to 'GLfloat'
C:\Users\violi\OneDrive\Desktop\CSCI-520\ADION-HW1-V3\ADION-HW1-V2\jello.cpp(136,28): warning C4305: 'initializing': truncation from 'double' to 'GLfloat'
C:\Users\violi\OneDrive\Desktop\CSCI-520\ADION-HW1-V3\ADION-HW1-V2\jello.cpp(136,36): warning C4305: 'initializing': truncation from 'double' to 'GLfloat'
C:\Users\violi\OneDrive\Desktop\CSCI-520\ADION-HW1-V3\ADION-HW1-V2\jello.cpp(137,21): warning C4305: 'initializing': truncation from 'double' to 'GLfloat'
C:\Users\violi\OneDrive\Desktop\CSCI-520\ADION-HW1-V3\ADION-HW1-V2\jello.cpp(137,28): warning C4305: 'initializing': truncation from 'double' to 'GLfloat'
C:\Users\violi\OneDrive\Desktop\CSCI-520\ADION-HW1-V3\ADION-HW1-V2\jello.cpp(137,35): warning C4305: 'initializing': truncation from 'double' to 'GLfloat'
C:\Users\violi\OneDrive\Desktop\CSCI-520\ADION-HW1-V3\ADION-HW1-V2\jello.cpp(138,21): warning C4305: 'initializing': truncation from 'double' to 'GLfloat'
C:\Users\violi\OneDrive\Desktop\CSCI-520\ADION-HW1-V3\ADION-HW1-V2\jello.cpp(138,29): warning C4305: 'initializing': truncation from 'double' to 'GLfloat'
C:\Users\violi\OneDrive\Desktop\CSCI-520\ADION-HW1-V3\ADION-HW1-V2\jello.cpp(138,36): warning C4305: 'initializing': truncation from 'double' to 'GLfloat'
C:\Users\violi\OneDrive\Desktop\CSCI-520\ADION-HW1-V3\ADION-HW1-V2\jello.cpp(139,21): warning C4305: 'initializing': truncation from 'double' to 'GLfloat'
C:\Users\violi\OneDrive\Desktop\CSCI-520\ADION-HW1-V3\ADION-HW1-V2\jello.cpp(139,29): warning C4305: 'initializing': truncation from 'double' to 'GLfloat'
C:\Users\violi\OneDrive\Desktop\CSCI-520\ADION-HW1-V3\ADION-HW1-V2\jello.cpp(139,37): warning C4305: 'initializing': truncation from 'double' to 'GLfloat'
C:\Users\violi\OneDrive\Desktop\CSCI-520\ADION-HW1-V3\ADION-HW1-V2\jello.cpp(140,21): warning C4305: 'initializing': truncation from 'double' to 'GLfloat'
C:\Users\violi\OneDrive\Desktop\CSCI-520\ADION-HW1-V3\ADION-HW1-V2\jello.cpp(140,28): warning C4305: 'initializing': truncation from 'double' to 'GLfloat'
C:\Users\violi\OneDrive\Desktop\CSCI-520\ADION-HW1-V3\ADION-HW1-V2\jello.cpp(140,36): warning C4305: 'initializing': truncation from 'double' to 'GLfloat'
C:\Users\violi\OneDrive\Desktop\CSCI-520\ADION-HW1-V3\ADION-HW1-V2\jello.cpp(141,21): warning C4305: 'initializing': truncation from 'double' to 'GLfloat'
C:\Users\violi\OneDrive\Desktop\CSCI-520\ADION-HW1-V3\ADION-HW1-V2\jello.cpp(141,28): warning C4305: 'initializing': truncation from 'double' to 'GLfloat'
C:\Users\violi\OneDrive\Desktop\CSCI-520\ADION-HW1-V3\ADION-HW1-V2\jello.cpp(141,35): warning C4305: 'initializing': truncation from 'double' to 'GLfloat'
C:\Users\violi\OneDrive\Desktop\CSCI-520\ADION-HW1-V3\ADION-HW1-V2\jello.cpp(142,21): warning C4305: 'initializing': truncation from 'double' to 'GLfloat'
C:\Users\violi\OneDrive\Desktop\CSCI-520\ADION-HW1-V3\ADION-HW1-V2\jello.cpp(142,29): warning C4305: 'initializing': truncation from 'double' to 'GLfloat'
C:\Users\violi\OneDrive\Desktop\CSCI-520\ADION-HW1-V3\ADION-HW1-V2\jello.cpp(142,36): warning C4305: 'initializing': truncation from 'double' to 'GLfloat'
C:\Users\violi\OneDrive\Desktop\CSCI-520\ADION-HW1-V3\ADION-HW1-V2\jello.cpp(146,36): warning C4305: 'initializing': truncation from 'double' to 'GLfloat'
C:\Users\violi\OneDrive\Desktop\CSCI-520\ADION-HW1-V3\ADION-HW1-V2\jello.cpp(147,21): warning C4305: 'initializing': truncation from 'double' to 'GLfloat'
C:\Users\violi\OneDrive\Desktop\CSCI-520\ADION-HW1-V3\ADION-HW1-V2\jello.cpp(147,26): warning C4305: 'initializing': truncation from 'double' to 'GLfloat'
C:\Users\violi\OneDrive\Desktop\CSCI-520\ADION-HW1-V3\ADION-HW1-V2\jello.cpp(147,31): warning C4305: 'initializing': truncation from 'double' to 'GLfloat'
C:\Users\violi\OneDrive\Desktop\CSCI-520\ADION-HW1-V3\ADION-HW1-V2\jello.cpp(147,36): warning C4305: 'initializing': truncation from 'double' to 'GLfloat'
C:\Users\violi\OneDrive\Desktop\CSCI-520\ADION-HW1-V3\ADION-HW1-V2\jello.cpp(148,36): warning C4305: 'initializing': truncation from 'double' to 'GLfloat'
C:\Users\violi\OneDrive\Desktop\CSCI-520\ADION-HW1-V3\ADION-HW1-V2\jello.cpp(149,36): warning C4305: 'initializing': truncation from 'double' to 'GLfloat'
C:\Users\violi\OneDrive\Desktop\CSCI-520\ADION-HW1-V3\ADION-HW1-V2\jello.cpp(208,7): warning C4101: 'i': unreferenced local variable
  pic.cpp
C:\Users\violi\OneDrive\Desktop\CSCI-520\ADION-HW1-V3\ADION-HW1-V2\pic.cpp(52,17): warning C4101: 'byte': unreferenced local variable
C:\Users\violi\OneDrive\Desktop\CSCI-520\ADION-HW1-V3\ADION-HW1-V2\pic.cpp(53,9): warning C4101: 'i': unreferenced local variable
  ppm.cpp
  showCube.cpp
C:\Users\violi\OneDrive\Desktop\CSCI-520\ADION-HW1-V3\ADION-HW1-V2\showCube.cpp(91,81): warning C4244: 'argument': conversion from 'double' to 'GLfloat', possible loss of data
C:\Users\violi\OneDrive\Desktop\CSCI-520\ADION-HW1-V3\ADION-HW1-V2\showCube.cpp(91,61): warning C4244: 'argument': conversion from 'double' to 'GLfloat', possible loss of data
C:\Users\violi\OneDrive\Desktop\CSCI-520\ADION-HW1-V3\ADION-HW1-V2\showCube.cpp(91,41): warning C4244: 'argument': conversion from 'double' to 'GLfloat', possible loss of data
C:\Users\violi\OneDrive\Desktop\CSCI-520\ADION-HW1-V3\ADION-HW1-V2\showCube.cpp(103,13): warning C4244: 'argument': conversion from 'double' to 'GLfloat', possible loss of data
C:\Users\violi\OneDrive\Desktop\CSCI-520\ADION-HW1-V3\ADION-HW1-V2\showCube.cpp(104,13): warning C4244: 'argument': conversion from 'double' to 'GLfloat', possible loss of data
C:\Users\violi\OneDrive\Desktop\CSCI-520\ADION-HW1-V3\ADION-HW1-V2\showCube.cpp(105,13): warning C4244: 'argument': conversion from 'double' to 'GLfloat', possible loss of data
C:\Users\violi\OneDrive\Desktop\CSCI-520\ADION-HW1-V3\ADION-HW1-V2\showCube.cpp(106,13): warning C4244: 'argument': conversion from 'double' to 'GLfloat', possible loss of data
C:\Users\violi\OneDrive\Desktop\CSCI-520\ADION-HW1-V3\ADION-HW1-V2\showCube.cpp(107,13): warning C4244: 'argument': conversion from 'double' to 'GLfloat', possible loss of data
C:\Users\violi\OneDrive\Desktop\CSCI-520\ADION-HW1-V3\ADION-HW1-V2\showCube.cpp(108,13): warning C4244: 'argument': conversion from 'double' to 'GLfloat', possible loss of data
C:\Users\violi\OneDrive\Desktop\CSCI-520\ADION-HW1-V3\ADION-HW1-V2\showCube.cpp(115,13): warning C4244: 'argument': conversion from 'double' to 'GLfloat', possible loss of data
C:\Users\violi\OneDrive\Desktop\CSCI-520\ADION-HW1-V3\ADION-HW1-V2\showCube.cpp(116,13): warning C4244: 'argument': conversion from 'double' to 'GLfloat', possible loss of data
C:\Users\violi\OneDrive\Desktop\CSCI-520\ADION-HW1-V3\ADION-HW1-V2\showCube.cpp(117,13): warning C4244: 'argument': conversion from 'double' to 'GLfloat', possible loss of data
C:\Users\violi\OneDrive\Desktop\CSCI-520\ADION-HW1-V3\ADION-HW1-V2\showCube.cpp(118,13): warning C4244: 'argument': conversion from 'double' to 'GLfloat', possible loss of data
C:\Users\violi\OneDrive\Desktop\CSCI-520\ADION-HW1-V3\ADION-HW1-V2\showCube.cpp(119,13): warning C4244: 'argument': conversion from 'double' to 'GLfloat', possible loss of data
C:\Users\violi\OneDrive\Desktop\CSCI-520\ADION-HW1-V3\ADION-HW1-V2\showCube.cpp(120,13): warning C4244: 'argument': conversion from 'double' to 'GLfloat', possible loss of data
C:\Users\violi\OneDrive\Desktop\CSCI-520\ADION-HW1-V3\ADION-HW1-V2\showCube.cpp(121,13): warning C4244: 'argument': conversion from 'double' to 'GLfloat', possible loss of data
C:\Users\violi\OneDrive\Desktop\CSCI-520\ADION-HW1-V3\ADION-HW1-V2\showCube.cpp(122,13): warning C4244: 'argument': conversion from 'double' to 'GLfloat', possible loss of data
C:\Users\violi\OneDrive\Desktop\CSCI-520\ADION-HW1-V3\ADION-HW1-V2\showCube.cpp(123,13): warning C4244: 'argument': conversion from 'double' to 'GLfloat', possible loss of data
C:\Users\violi\OneDrive\Desktop\CSCI-520\ADION-HW1-V3\ADION-HW1-V2\showCube.cpp(124,13): warning C4244: 'argument': conversion from 'double' to 'GLfloat', possible loss of data
C:\Users\violi\OneDrive\Desktop\CSCI-520\ADION-HW1-V3\ADION-HW1-V2\showCube.cpp(125,13): warning C4244: 'argument': conversion from 'double' to 'GLfloat', possible loss of data
C:\Users\violi\OneDrive\Desktop\CSCI-520\ADION-HW1-V3\ADION-HW1-V2\showCube.cpp(126,13): warning C4244: 'argument': conversion from 'double' to 'GLfloat', possible loss of data
C:\Users\violi\OneDrive\Desktop\CSCI-520\ADION-HW1-V3\ADION-HW1-V2\showCube.cpp(128,13): warning C4244: 'argument': conversion from 'double' to 'GLfloat', possible loss of data
C:\Users\violi\OneDrive\Desktop\CSCI-520\ADION-HW1-V3\ADION-HW1-V2\showCube.cpp(129,13): warning C4244: 'argument': conversion from 'double' to 'GLfloat', possible loss of data
C:\Users\violi\OneDrive\Desktop\CSCI-520\ADION-HW1-V3\ADION-HW1-V2\showCube.cpp(130,13): warning C4244: 'argument': conversion from 'double' to 'GLfloat', possible loss of data
C:\Users\violi\OneDrive\Desktop\CSCI-520\ADION-HW1-V3\ADION-HW1-V2\showCube.cpp(131,13): warning C4244: 'argument': conversion from 'double' to 'GLfloat', possible loss of data
C:\Users\violi\OneDrive\Desktop\CSCI-520\ADION-HW1-V3\ADION-HW1-V2\showCube.cpp(132,13): warning C4244: 'argument': conversion from 'double' to 'GLfloat', possible loss of data
C:\Users\violi\OneDrive\Desktop\CSCI-520\ADION-HW1-V3\ADION-HW1-V2\showCube.cpp(133,13): warning C4244: 'argument': conversion from 'double' to 'GLfloat', possible loss of data
C:\Users\violi\OneDrive\Desktop\CSCI-520\ADION-HW1-V3\ADION-HW1-V2\showCube.cpp(134,13): warning C4244: 'argument': conversion from 'double' to 'GLfloat', possible loss of data
C:\Users\violi\OneDrive\Desktop\CSCI-520\ADION-HW1-V3\ADION-HW1-V2\showCube.cpp(135,13): warning C4244: 'argument': conversion from 'double' to 'GLfloat', possible loss of data
C:\Users\violi\OneDrive\Desktop\CSCI-520\ADION-HW1-V3\ADION-HW1-V2\showCube.cpp(142,13): warning C4244: 'argument': conversion from 'double' to 'GLfloat', possible loss of data
C:\Users\violi\OneDrive\Desktop\CSCI-520\ADION-HW1-V3\ADION-HW1-V2\showCube.cpp(143,13): warning C4244: 'argument': conversion from 'double' to 'GLfloat', possible loss of data
C:\Users\violi\OneDrive\Desktop\CSCI-520\ADION-HW1-V3\ADION-HW1-V2\showCube.cpp(144,13): warning C4244: 'argument': conversion from 'double' to 'GLfloat', possible loss of data
C:\Users\violi\OneDrive\Desktop\CSCI-520\ADION-HW1-V3\ADION-HW1-V2\showCube.cpp(145,13): warning C4244: 'argument': conversion from 'double' to 'GLfloat', possible loss of data
C:\Users\violi\OneDrive\Desktop\CSCI-520\ADION-HW1-V3\ADION-HW1-V2\showCube.cpp(146,13): warning C4244: 'argument': conversion from 'double' to 'GLfloat', possible loss of data
C:\Users\violi\OneDrive\Desktop\CSCI-520\ADION-HW1-V3\ADION-HW1-V2\showCube.cpp(147,13): warning C4244: 'argument': conversion from 'double' to 'GLfloat', possible loss of data
C:\Users\violi\OneDrive\Desktop\CSCI-520\ADION-HW1-V3\ADION-HW1-V2\showCube.cpp(218,30): warning C4244: 'argument': conversion from 'double' to 'GLfloat', possible loss of data
C:\Users\violi\OneDrive\Desktop\CSCI-520\ADION-HW1-V3\ADION-HW1-V2\showCube.cpp(217,70): warning C4244: 'argument': conversion from 'double' to 'GLfloat', possible loss of data
C:\Users\violi\OneDrive\Desktop\CSCI-520\ADION-HW1-V3\ADION-HW1-V2\showCube.cpp(217,39): warning C4244: 'argument': conversion from 'double' to 'GLfloat', possible loss of data
C:\Users\violi\OneDrive\Desktop\CSCI-520\ADION-HW1-V3\ADION-HW1-V2\showCube.cpp(219,74): warning C4244: 'argument': conversion from 'double' to 'GLfloat', possible loss of data
C:\Users\violi\OneDrive\Desktop\CSCI-520\ADION-HW1-V3\ADION-HW1-V2\showCube.cpp(219,56): warning C4244: 'argument': conversion from 'double' to 'GLfloat', possible loss of data
C:\Users\violi\OneDrive\Desktop\CSCI-520\ADION-HW1-V3\ADION-HW1-V2\showCube.cpp(219,38): warning C4244: 'argument': conversion from 'double' to 'GLfloat', possible loss of data
C:\Users\violi\OneDrive\Desktop\CSCI-520\ADION-HW1-V3\ADION-HW1-V2\showCube.cpp(221,32): warning C4244: 'argument': conversion from 'double' to 'GLfloat', possible loss of data
C:\Users\violi\OneDrive\Desktop\CSCI-520\ADION-HW1-V3\ADION-HW1-V2\showCube.cpp(220,75): warning C4244: 'argument': conversion from 'double' to 'GLfloat', possible loss of data
C:\Users\violi\OneDrive\Desktop\CSCI-520\ADION-HW1-V3\ADION-HW1-V2\showCube.cpp(220,41): warning C4244: 'argument': conversion from 'double' to 'GLfloat', possible loss of data
C:\Users\violi\OneDrive\Desktop\CSCI-520\ADION-HW1-V3\ADION-HW1-V2\showCube.cpp(222,80): warning C4244: 'argument': conversion from 'double' to 'GLfloat', possible loss of data
C:\Users\violi\OneDrive\Desktop\CSCI-520\ADION-HW1-V3\ADION-HW1-V2\showCube.cpp(222,60): warning C4244: 'argument': conversion from 'double' to 'GLfloat', possible loss of data
C:\Users\violi\OneDrive\Desktop\CSCI-520\ADION-HW1-V3\ADION-HW1-V2\showCube.cpp(222,40): warning C4244: 'argument': conversion from 'double' to 'GLfloat', possible loss of data
C:\Users\violi\OneDrive\Desktop\CSCI-520\ADION-HW1-V3\ADION-HW1-V2\showCube.cpp(237,21): warning C4305: 'argument': truncation from 'double' to 'GLfloat'
C:\Users\violi\OneDrive\Desktop\CSCI-520\ADION-HW1-V3\ADION-HW1-V2\showCube.cpp(237,17): warning C4305: 'argument': truncation from 'double' to 'GLfloat'
C:\Users\violi\OneDrive\Desktop\CSCI-520\ADION-HW1-V3\ADION-HW1-V2\showCube.cpp(237,13): warning C4305: 'argument': truncation from 'double' to 'GLfloat'
C:\Users\violi\OneDrive\Desktop\CSCI-520\ADION-HW1-V3\ADION-HW1-V2\showCube.cpp(244,16): warning C4244: 'argument': conversion from 'int' to 'GLfloat', possible loss of data
C:\Users\violi\OneDrive\Desktop\CSCI-520\ADION-HW1-V3\ADION-HW1-V2\showCube.cpp(245,16): warning C4244: 'argument': conversion from 'int' to 'GLfloat', possible loss of data
C:\Users\violi\OneDrive\Desktop\CSCI-520\ADION-HW1-V3\ADION-HW1-V2\showCube.cpp(249,22): warning C4244: 'argument': conversion from 'int' to 'GLfloat', possible loss of data
C:\Users\violi\OneDrive\Desktop\CSCI-520\ADION-HW1-V3\ADION-HW1-V2\showCube.cpp(250,21): warning C4244: 'argument': conversion from 'int' to 'GLfloat', possible loss of data
C:\Users\violi\OneDrive\Desktop\CSCI-520\ADION-HW1-V3\ADION-HW1-V2\showCube.cpp(256,16): warning C4244: 'argument': conversion from 'int' to 'GLfloat', possible loss of data
C:\Users\violi\OneDrive\Desktop\CSCI-520\ADION-HW1-V3\ADION-HW1-V2\showCube.cpp(257,16): warning C4244: 'argument': conversion from 'int' to 'GLfloat', possible loss of data
C:\Users\violi\OneDrive\Desktop\CSCI-520\ADION-HW1-V3\ADION-HW1-V2\showCube.cpp(261,21): warning C4244: 'argument': conversion from 'int' to 'GLfloat', possible loss of data
C:\Users\violi\OneDrive\Desktop\CSCI-520\ADION-HW1-V3\ADION-HW1-V2\showCube.cpp(262,20): warning C4244: 'argument': conversion from 'int' to 'GLfloat', possible loss of data
C:\Users\violi\OneDrive\Desktop\CSCI-520\ADION-HW1-V3\ADION-HW1-V2\showCube.cpp(268,19): warning C4244: 'argument': conversion from 'int' to 'GLfloat', possible loss of data
C:\Users\violi\OneDrive\Desktop\CSCI-520\ADION-HW1-V3\ADION-HW1-V2\showCube.cpp(269,19): warning C4244: 'argument': conversion from 'int' to 'GLfloat', possible loss of data
C:\Users\violi\OneDrive\Desktop\CSCI-520\ADION-HW1-V3\ADION-HW1-V2\showCube.cpp(273,22): warning C4244: 'argument': conversion from 'int' to 'GLfloat', possible loss of data
C:\Users\violi\OneDrive\Desktop\CSCI-520\ADION-HW1-V3\ADION-HW1-V2\showCube.cpp(274,21): warning C4244: 'argument': conversion from 'int' to 'GLfloat', possible loss of data
C:\Users\violi\OneDrive\Desktop\CSCI-520\ADION-HW1-V3\ADION-HW1-V2\showCube.cpp(280,18): warning C4244: 'argument': conversion from 'int' to 'GLfloat', possible loss of data
C:\Users\violi\OneDrive\Desktop\CSCI-520\ADION-HW1-V3\ADION-HW1-V2\showCube.cpp(281,18): warning C4244: 'argument': conversion from 'int' to 'GLfloat', possible loss of data
C:\Users\violi\OneDrive\Desktop\CSCI-520\ADION-HW1-V3\ADION-HW1-V2\showCube.cpp(285,21): warning C4244: 'argument': conversion from 'int' to 'GLfloat', possible loss of data
C:\Users\violi\OneDrive\Desktop\CSCI-520\ADION-HW1-V3\ADION-HW1-V2\showCube.cpp(286,20): warning C4244: 'argument': conversion from 'int' to 'GLfloat', possible loss of data
C:\Users\violi\OneDrive\Desktop\CSCI-520\ADION-HW1-V3\ADION-HW1-V2\showCube.cpp(306,37): warning C4305: 'argument': truncation from 'double' to 'GLfloat'
C:\Users\violi\OneDrive\Desktop\CSCI-520\ADION-HW1-V3\ADION-HW1-V2\showCube.cpp(306,32): warning C4305: 'argument': truncation from 'double' to 'GLfloat'
C:\Users\violi\OneDrive\Desktop\CSCI-520\ADION-HW1-V3\ADION-HW1-V2\showCube.cpp(306,27): warning C4305: 'argument': truncation from 'double' to 'GLfloat'
C:\Users\violi\OneDrive\Desktop\CSCI-520\ADION-HW1-V3\ADION-HW1-V2\showCube.cpp(313,27): warning C4244: 'argument': conversion from 'int' to 'GLfloat', possible loss of data
C:\Users\violi\OneDrive\Desktop\CSCI-520\ADION-HW1-V3\ADION-HW1-V2\showCube.cpp(313,24): warning C4244: 'argument': conversion from 'int' to 'GLfloat', possible loss of data
C:\Users\violi\OneDrive\Desktop\CSCI-520\ADION-HW1-V3\ADION-HW1-V2\showCube.cpp(314,33): warning C4244: 'argument': conversion from 'int' to 'GLfloat', possible loss of data
C:\Users\violi\OneDrive\Desktop\CSCI-520\ADION-HW1-V3\ADION-HW1-V2\showCube.cpp(314,26): warning C4244: 'argument': conversion from 'int' to 'GLfloat', possible loss of data
C:\Users\violi\OneDrive\Desktop\CSCI-520\ADION-HW1-V3\ADION-HW1-V2\showCube.cpp(315,31): warning C4244: 'argument': conversion from 'int' to 'GLfloat', possible loss of data
C:\Users\violi\OneDrive\Desktop\CSCI-520\ADION-HW1-V3\ADION-HW1-V2\showCube.cpp(315,26): warning C4244: 'argument': conversion from 'int' to 'GLfloat', possible loss of data
C:\Users\violi\OneDrive\Desktop\CSCI-520\ADION-HW1-V3\ADION-HW1-V2\showCube.cpp(318,27): warning C4244: 'argument': conversion from 'int' to 'GLfloat', possible loss of data
C:\Users\violi\OneDrive\Desktop\CSCI-520\ADION-HW1-V3\ADION-HW1-V2\showCube.cpp(318,24): warning C4244: 'argument': conversion from 'int' to 'GLfloat', possible loss of data
C:\Users\violi\OneDrive\Desktop\CSCI-520\ADION-HW1-V3\ADION-HW1-V2\showCube.cpp(319,29): warning C4244: 'argument': conversion from 'int' to 'GLfloat', possible loss of data
C:\Users\violi\OneDrive\Desktop\CSCI-520\ADION-HW1-V3\ADION-HW1-V2\showCube.cpp(319,24): warning C4244: 'argument': conversion from 'int' to 'GLfloat', possible loss of data
C:\Users\violi\OneDrive\Desktop\CSCI-520\ADION-HW1-V3\ADION-HW1-V2\showCube.cpp(320,33): warning C4244: 'argument': conversion from 'int' to 'GLfloat', possible loss of data
C:\Users\violi\OneDrive\Desktop\CSCI-520\ADION-HW1-V3\ADION-HW1-V2\showCube.cpp(320,26): warning C4244: 'argument': conversion from 'int' to 'GLfloat', possible loss of data
C:\Users\violi\OneDrive\Desktop\CSCI-520\ADION-HW1-V3\ADION-HW1-V2\showCube.cpp(325,31): warning C4244: 'argument': conversion from 'int' to 'GLfloat', possible loss of data
C:\Users\violi\OneDrive\Desktop\CSCI-520\ADION-HW1-V3\ADION-HW1-V2\showCube.cpp(325,26): warning C4244: 'argument': conversion from 'int' to 'GLfloat', possible loss of data
C:\Users\violi\OneDrive\Desktop\CSCI-520\ADION-HW1-V3\ADION-HW1-V2\showCube.cpp(326,33): warning C4244: 'argument': conversion from 'int' to 'GLfloat', possible loss of data
C:\Users\violi\OneDrive\Desktop\CSCI-520\ADION-HW1-V3\ADION-HW1-V2\showCube.cpp(326,26): warning C4244: 'argument': conversion from 'int' to 'GLfloat', possible loss of data
C:\Users\violi\OneDrive\Desktop\CSCI-520\ADION-HW1-V3\ADION-HW1-V2\showCube.cpp(327,31): warning C4244: 'argument': conversion from 'int' to 'GLfloat', possible loss of data
C:\Users\violi\OneDrive\Desktop\CSCI-520\ADION-HW1-V3\ADION-HW1-V2\showCube.cpp(327,26): warning C4244: 'argument': conversion from 'int' to 'GLfloat', possible loss of data
C:\Users\violi\OneDrive\Desktop\CSCI-520\ADION-HW1-V3\ADION-HW1-V2\showCube.cpp(330,31): warning C4244: 'argument': conversion from 'int' to 'GLfloat', possible loss of data
C:\Users\violi\OneDrive\Desktop\CSCI-520\ADION-HW1-V3\ADION-HW1-V2\showCube.cpp(330,26): warning C4244: 'argument': conversion from 'int' to 'GLfloat', possible loss of data
C:\Users\violi\OneDrive\Desktop\CSCI-520\ADION-HW1-V3\ADION-HW1-V2\showCube.cpp(331,33): warning C4244: 'argument': conversion from 'int' to 'GLfloat', possible loss of data
C:\Users\violi\OneDrive\Desktop\CSCI-520\ADION-HW1-V3\ADION-HW1-V2\showCube.cpp(331,26): warning C4244: 'argument': conversion from 'int' to 'GLfloat', possible loss of data
C:\Users\violi\OneDrive\Desktop\CSCI-520\ADION-HW1-V3\ADION-HW1-V2\showCube.cpp(332,33): warning C4244: 'argument': conversion from 'int' to 'GLfloat', possible loss of data
C:\Users\violi\OneDrive\Desktop\CSCI-520\ADION-HW1-V3\ADION-HW1-V2\showCube.cpp(332,26): warning C4244: 'argument': conversion from 'int' to 'GLfloat', possible loss of data
C:\Users\violi\OneDrive\Desktop\CSCI-520\ADION-HW1-V3\ADION-HW1-V2\showCube.cpp(350,37): warning C4305: 'argument': truncation from 'double' to 'GLfloat'
C:\Users\violi\OneDrive\Desktop\CSCI-520\ADION-HW1-V3\ADION-HW1-V2\showCube.cpp(350,32): warning C4305: 'argument': truncation from 'double' to 'GLfloat'
C:\Users\violi\OneDrive\Desktop\CSCI-520\ADION-HW1-V3\ADION-HW1-V2\showCube.cpp(350,27): warning C4305: 'argument': truncation from 'double' to 'GLfloat'
C:\Users\violi\OneDrive\Desktop\CSCI-520\ADION-HW1-V3\ADION-HW1-V2\showCube.cpp(355,31): warning C4244: 'argument': conversion from 'int' to 'GLfloat', possible loss of data
C:\Users\violi\OneDrive\Desktop\CSCI-520\ADION-HW1-V3\ADION-HW1-V2\showCube.cpp(355,26): warning C4244: 'argument': conversion from 'int' to 'GLfloat', possible loss of data
C:\Users\violi\OneDrive\Desktop\CSCI-520\ADION-HW1-V3\ADION-HW1-V2\showCube.cpp(356,29): warning C4244: 'argument': conversion from 'int' to 'GLfloat', possible loss of data
C:\Users\violi\OneDrive\Desktop\CSCI-520\ADION-HW1-V3\ADION-HW1-V2\showCube.cpp(356,24): warning C4244: 'argument': conversion from 'int' to 'GLfloat', possible loss of data
C:\Users\violi\OneDrive\Desktop\CSCI-520\ADION-HW1-V3\ADION-HW1-V2\showCube.cpp(357,27): warning C4244: 'argument': conversion from 'int' to 'GLfloat', possible loss of data
C:\Users\violi\OneDrive\Desktop\CSCI-520\ADION-HW1-V3\ADION-HW1-V2\showCube.cpp(357,24): warning C4244: 'argument': conversion from 'int' to 'GLfloat', possible loss of data
C:\Users\violi\OneDrive\Desktop\CSCI-520\ADION-HW1-V3\ADION-HW1-V2\showCube.cpp(360,31): warning C4244: 'argument': conversion from 'int' to 'GLfloat', possible loss of data
C:\Users\violi\OneDrive\Desktop\CSCI-520\ADION-HW1-V3\ADION-HW1-V2\showCube.cpp(360,26): warning C4244: 'argument': conversion from 'int' to 'GLfloat', possible loss of data
C:\Users\violi\OneDrive\Desktop\CSCI-520\ADION-HW1-V3\ADION-HW1-V2\showCube.cpp(361,33): warning C4244: 'argument': conversion from 'int' to 'GLfloat', possible loss of data
C:\Users\violi\OneDrive\Desktop\CSCI-520\ADION-HW1-V3\ADION-HW1-V2\showCube.cpp(361,26): warning C4244: 'argument': conversion from 'int' to 'GLfloat', possible loss of data
C:\Users\violi\OneDrive\Desktop\CSCI-520\ADION-HW1-V3\ADION-HW1-V2\showCube.cpp(362,29): warning C4244: 'argument': conversion from 'int' to 'GLfloat', possible loss of data
C:\Users\violi\OneDrive\Desktop\CSCI-520\ADION-HW1-V3\ADION-HW1-V2\showCube.cpp(362,24): warning C4244: 'argument': conversion from 'int' to 'GLfloat', possible loss of data
C:\Users\violi\OneDrive\Desktop\CSCI-520\ADION-HW1-V3\ADION-HW1-V2\showCube.cpp(367,31): warning C4244: 'argument': conversion from 'int' to 'GLfloat', possible loss of data
C:\Users\violi\OneDrive\Desktop\CSCI-520\ADION-HW1-V3\ADION-HW1-V2\showCube.cpp(367,26): warning C4244: 'argument': conversion from 'int' to 'GLfloat', possible loss of data
C:\Users\violi\OneDrive\Desktop\CSCI-520\ADION-HW1-V3\ADION-HW1-V2\showCube.cpp(368,33): warning C4244: 'argument': conversion from 'int' to 'GLfloat', possible loss of data
C:\Users\violi\OneDrive\Desktop\CSCI-520\ADION-HW1-V3\ADION-HW1-V2\showCube.cpp(368,26): warning C4244: 'argument': conversion from 'int' to 'GLfloat', possible loss of data
C:\Users\violi\OneDrive\Desktop\CSCI-520\ADION-HW1-V3\ADION-HW1-V2\showCube.cpp(369,31): warning C4244: 'argument': conversion from 'int' to 'GLfloat', possible loss of data
C:\Users\violi\OneDrive\Desktop\CSCI-520\ADION-HW1-V3\ADION-HW1-V2\showCube.cpp(369,26): warning C4244: 'argument': conversion from 'int' to 'GLfloat', possible loss of data
C:\Users\violi\OneDrive\Desktop\CSCI-520\ADION-HW1-V3\ADION-HW1-V2\showCube.cpp(372,31): warning C4244: 'argument': conversion from 'int' to 'GLfloat', possible loss of data
C:\Users\violi\OneDrive\Desktop\CSCI-520\ADION-HW1-V3\ADION-HW1-V2\showCube.cpp(372,26): warning C4244: 'argument': conversion from 'int' to 'GLfloat', possible loss of data
C:\Users\violi\OneDrive\Desktop\CSCI-520\ADION-HW1-V3\ADION-HW1-V2\showCube.cpp(373,33): warning C4244: 'argument': conversion from 'int' to 'GLfloat', possible loss of data
C:\Users\violi\OneDrive\Desktop\CSCI-520\ADION-HW1-V3\ADION-HW1-V2\showCube.cpp(373,26): warning C4244: 'argument': conversion from 'int' to 'GLfloat', possible loss of data
C:\Users\violi\OneDrive\Desktop\CSCI-520\ADION-HW1-V3\ADION-HW1-V2\showCube.cpp(374,33): warning C4244: 'argument': conversion from 'int' to 'GLfloat', possible loss of data
C:\Users\violi\OneDrive\Desktop\CSCI-520\ADION-HW1-V3\ADION-HW1-V2\showCube.cpp(374,26): warning C4244: 'argument': conversion from 'int' to 'GLfloat', possible loss of data
  Generating code
  Previous IPDB and IOBJ mismatch, fall back to full compilation.
  All 114 functions were compiled because no usable IPDB/IOBJ from previous compilation was found.
  Finished generating code
  jello.vcxproj -> C:\Users\violi\OneDrive\Desktop\CSCI-520\ADION-HW1-V3\ADION-HW1-V2\Bin\Release\jello.exe
